<?xml version="1.0" encoding="UTF-8"?>
<testsuites>
    <testsuite name="buy-an-insurance;as-a-customer-i-would-like-to-buy-väghjälp-bil-insurance" tests="16" failures="1" skipped="8">
        <properties>
            <property name="URI" value="C:/Users/Data/Desktop/sbm/features/vagassestanceforsakringar.feature">
            </property>
        </properties>
        <testcase name="Given that i am on the SBM home page" classname="buy-an-insurance;as-a-customer-i-would-like-to-buy-väghjälp-bil-insurance" time="7.4535215">
        </testcase>
        <testcase name="And i click on vi tar dig hela vagen fram picture i&apos;ll be redirected to vägassistansförsäkringar page" classname="buy-an-insurance;as-a-customer-i-would-like-to-buy-väghjälp-bil-insurance" time="3.0412515">
        </testcase>
        <testcase name="When i am on the vagassistansforsakringar page" classname="buy-an-insurance;as-a-customer-i-would-like-to-buy-väghjälp-bil-insurance" time="2.0647411">
        </testcase>
        <testcase name="And i click väghjälp bil picture" classname="buy-an-insurance;as-a-customer-i-would-like-to-buy-väghjälp-bil-insurance" time="5.3455538">
        </testcase>
        <testcase name="And i click the BESTALL NU button i will be redirected to DIN BESTALLNING page" classname="buy-an-insurance;as-a-customer-i-would-like-to-buy-väghjälp-bil-insurance" time="2.7229066">
        </testcase>
        <testcase name="And i fill my cars reg nr" classname="buy-an-insurance;as-a-customer-i-would-like-to-buy-väghjälp-bil-insurance" time="1.026035">
        </testcase>
        <testcase name="And i fill my person nr" classname="buy-an-insurance;as-a-customer-i-would-like-to-buy-väghjälp-bil-insurance" time="1.0226012">
        </testcase>
        <testcase name="And i click hamta uppgifter" classname="buy-an-insurance;as-a-customer-i-would-like-to-buy-väghjälp-bil-insurance" time="0.381799301">
            <failure message="AssertionError: Expected ">AssertionError: Expected 
    at createWorld.&lt;anonymous&gt; (C:\Users\Data\Desktop\sbm\tests\selenium\step-definitions\vagassestanceforsakringar.js:80:3)
    at processTicksAndRejections (internal/process/task_queues.js:93:5)</failure>
        </testcase>
        <testcase name="And the page should show personal information" classname="buy-an-insurance;as-a-customer-i-would-like-to-buy-väghjälp-bil-insurance">
            <skipped message="">
            </skipped>
        </testcase>
        <testcase name="And i write the email adress" classname="buy-an-insurance;as-a-customer-i-would-like-to-buy-väghjälp-bil-insurance">
            <skipped message="">
            </skipped>
        </testcase>
        <testcase name="And i write the mobil Nr" classname="buy-an-insurance;as-a-customer-i-would-like-to-buy-väghjälp-bil-insurance">
            <skipped message="">
            </skipped>
        </testcase>
        <testcase name="And i click on the BankID button" classname="buy-an-insurance;as-a-customer-i-would-like-to-buy-väghjälp-bil-insurance">
            <skipped message="">
            </skipped>
        </testcase>
        <testcase name="Then i will get a popup" classname="buy-an-insurance;as-a-customer-i-would-like-to-buy-väghjälp-bil-insurance">
            <skipped message="">
            </skipped>
        </testcase>
        <testcase name="And i enter my person nr" classname="buy-an-insurance;as-a-customer-i-would-like-to-buy-väghjälp-bil-insurance">
            <skipped message="">
            </skipped>
        </testcase>
        <testcase name="And i click fortsatt" classname="buy-an-insurance;as-a-customer-i-would-like-to-buy-väghjälp-bil-insurance">
            <skipped message="">
            </skipped>
        </testcase>
        <testcase name="And i will get a confirmation message and sed the order" classname="buy-an-insurance;as-a-customer-i-would-like-to-buy-väghjälp-bil-insurance">
            <skipped message="">
            </skipped>
        </testcase>
    </testsuite>
</testsuites>